make all --print-data-base --no-builtin-variables --no-builtin-rules --question
# GNU Make 3.81
# Copyright (C) 2006  Free Software Foundation, Inc.
# This is free software; see the source for copying conditions.
# There is NO warranty; not even for MERCHANTABILITY or FITNESS FOR A
# PARTICULAR PURPOSE.

# This program built for i386-apple-darwin11.3.0
 

# Make data base, printed on Fri Aug 26 09:36:31 2022

# Variables

# environment
JENV_SHELL = zsh
# automatic
?F = $(notdir $?)
# automatic
<D = $(patsubst %/,%,$(dir $<))
# environment
NVM_INC = /Users/nrivard/.nvm/versions/node/v16.14.2/include/node
# automatic
?D = $(patsubst %/,%,$(dir $?))
# makefile (from `Makefile', line 1)
PROJECT_DIR := LmaOS.65c02
# automatic
@D = $(patsubst %/,%,$(dir $@))
# automatic
@F = $(notdir $@)
# makefile
CURDIR := /Users/nrivard/git_tree/github/lmaos
# makefile
SHELL = /bin/sh
# environment
VSCODE_NLS_CONFIG = {"locale":"en-gb","availableLanguages":{},"_languagePackSupport":true}
# environment
_ = /usr/bin/make
# makefile (from `Makefile', line 23)
GENERATED_INCLUDE_FILE := LmaOS.65c02/include/lmaos.inc
# makefile (from `Makefile', line 1)
MAKEFILE_LIST :=  Makefile
# environment
__CFBundleIdentifier = com.microsoft.VSCode
# environment
VSCODE_CWD = /
# environment
PATH = /Users/nrivard/.nvm/versions/node/v16.14.2/bin:/Library/Frameworks/Python.framework/Versions/2.7/bin:/usr/local/bin:/usr/bin:/bin:/usr/sbin:/sbin:/usr/local/sbin:/Library/Apple/usr/bin:/Users/nrivard/.jenv/shims:/opt/homebrew/bin:/opt/homebrew/opt/php@7.4/bin:/Applications/Sublime Text.app/Contents/SharedSupport/bin
# makefile (from `Makefile', line 26)
CL65_FLAGS = -t none -C $(LINK_CONFIG) --asm-include-dir $(INCLUDE_DIR) -l $(LISTING_FILE) -vm --mapfile $(MAP_FILE) --cpu 65C02 -o ./$(ROM_BIN) 
# makefile (from `Makefile', line 2)
INCLUDE_DIR := LmaOS.65c02/include
# makefile (from `Makefile', line 15)
ROM_SRCS = $(wildcard $(SRC_DIR)/*.asm)
# environment
NVM_BIN = /Users/nrivard/.nvm/versions/node/v16.14.2/bin
# environment
ELECTRON_RUN_AS_NODE = 1
# default
.FEATURES := target-specific order-only second-expansion else-if archives jobserver check-symlink
# environment
SSH_AUTH_SOCK = /private/tmp/com.apple.launchd.KONjsUs9E8/Listeners
# automatic
%F = $(notdir $%)
# environment
no_proxy = .booking.com
# environment
PWD = /Users/nrivard/git_tree/github/lmaos
# makefile (from `Makefile', line 24)
CLEAN_FILES = $(ROM_BIN) $(OBJECTS) $(LISTING_FILE) $(ROM_BIN).map
# makefile (from `Makefile', line 20)
ROM_BIN := lmaos.rom
# environment
ORIGINAL_XDG_CURRENT_DESKTOP = undefined
# makefile (from `Makefile', line 10)
PYTHON = $(shell which python3)	
# environment
VSCODE_AMD_ENTRYPOINT = vs/workbench/api/node/extensionHostProcess
# environment
HOME = /Users/nrivard
# makefile (from `Makefile', line 5)
CL65 = $(shell which cl65)
# default
MAKEFILEPATH := /Applications/Xcode.app/Contents/Developer/Makefiles
# environment
VSCODE_CODE_CACHE_PATH = /Users/nrivard/Library/Application Support/Code/CachedData/e4503b30fc78200f846c62cf8091b76ff5547662
# environment
LOGNAME = nrivard
# environment
APPLICATION_INSIGHTS_NO_DIAGNOSTIC_CHANNEL = true
# environment
NVM_CD_FLAGS = -q
# environment
VSCODE_HANDLES_UNCAUGHT_ERRORS = true
# automatic
^D = $(patsubst %/,%,$(dir $^))
# makefile (from `Makefile', line 17)
INC_FILES := 
# environment
XPC_FLAGS = 0x0
# default
MAKE = $(MAKE_COMMAND)
# default
MAKECMDGOALS := all
# environment
SHLVL = 1
# makefile (from `Makefile', line 21)
MAP_FILE := lmaos.rom.map
# default
MAKE_VERSION := 3.81
# environment
USER = nrivard
# makefile
.DEFAULT_GOAL := all
# environment
JENV_LOADED = 1
# automatic
%D = $(patsubst %/,%,$(dir $%))
# default
MAKE_COMMAND := /Applications/Xcode.app/Contents/Developer/usr/bin/make
# default
.VARIABLES := 
# environment
TMPDIR = /var/folders/07/6y3__s8503l2q6ng54j_wgkr0000gp/T/
# automatic
*F = $(notdir $*)
# environment
VSCODE_IPC_HOOK = /Users/nrivard/Library/Application Support/Code/1.70.2-main.sock
# environment
MallocNanoZone = 0
# makefile
MAKEFLAGS = Rrqp
# environment
MFLAGS = -Rrqp
# automatic
*D = $(patsubst %/,%,$(dir $*))
# environment
XPC_SERVICE_NAME = application.com.microsoft.VSCode.46239906.46239912
# automatic
+D = $(patsubst %/,%,$(dir $+))
# automatic
+F = $(notdir $+)
# environment
__CF_USER_TEXT_ENCODING = 0x1F6:0x0:0x0
# environment
COMMAND_MODE = unix2003
# default
MAKEFILES := 
# makefile (from `Makefile', line 19)
LINK_CONFIG := LmaOS.65c02/memorymap.cfg
# makefile (from `Makefile', line 3)
SRC_DIR := LmaOS.65c02/src
# automatic
<F = $(notdir $<)
# environment
https_proxy = http://webproxy.corp.booking.com:3128
# environment
LC_ALL = C
# automatic
^F = $(notdir $^)
# default
SUFFIXES := 
# environment
MAKELEVEL := 0
# makefile (from `Makefile', line 16)
OBJECTS := LmaOS.65c02/src/acia.o LmaOS.65c02/src/duart.o LmaOS.65c02/src/fat32.o LmaOS.65c02/src/interrupt.o LmaOS.65c02/src/lcd1602.o LmaOS.65c02/src/main.o LmaOS.65c02/src/monitaur.o LmaOS.65c02/src/sdcard.o LmaOS.65c02/src/serial.o LmaOS.65c02/src/strings.o LmaOS.65c02/src/via.o LmaOS.65c02/src/xmodem.o
# environment
http_proxy = http://webproxy.corp.booking.com:3128
# environment
LANG = C
# environment
VSCODE_PID = 69921
# makefile (from `Makefile', line 22)
LISTING_FILE := lmaos.rom.listing
# variable set hash-table stats:
# Load=80/1024=8%, Rehash=0, Collisions=3/139=2%

# Pattern-specific Variable Values

# No pattern-specific variable values.

# Directories

# . (device 16777230, inode 19604979): 14 files, no impossibilities.
# LmaOS.65c02/src (device 16777230, inode 19605083): 15 files, no impossibilities.

# 29 files, no impossibilities in 2 directories.

# Implicit Rules

# No implicit rules.

# Files

all:
#  Phony target (prerequisite of .PHONY).
#  Command-line target.
#  Implicit rule search has not been done.
#  Implicit/static pattern stem: `'
#  File does not exist.
#  File has been updated.
#  Needs to be updated (-q is set).
# automatic
# @ := all
# automatic
# % := 
# automatic
# * := 
# automatic
# + := 
# automatic
# | := 
# automatic
# < := 
# automatic
# ^ := 
# automatic
# ? := 
# variable set hash-table stats:
# Load=8/32=25%, Rehash=0, Collisions=7/25=28%
#  commands to execute (from `Makefile', line 30):
	$(CL65) $(CL65_FLAGS) $(SRC_DIR)/main.asm
	$(PYTHON) Scripts/generate_lmaos_inc.py $(MAP_FILE) $(GENERATED_INCLUDE_FILE)
	

.PHONY: all clean pad install
#  Implicit rule search has not been done.
#  Modification time never checked.
#  File has not been updated.

# Not a target:
.SUFFIXES:
#  Implicit rule search has not been done.
#  Modification time never checked.
#  File has not been updated.

# Not a target:
Makefile:
#  Implicit rule search has been done.
#  Last modified 2022-05-20 14:20:25
#  File has been updated.
#  Successfully updated.
# variable set hash-table stats:
# Load=0/32=0%, Rehash=0, Collisions=0/0=0%

# Not a target:
.DEFAULT:
#  Implicit rule search has not been done.
#  Modification time never checked.
#  File has not been updated.

clean:
#  Phony target (prerequisite of .PHONY).
#  Implicit rule search has not been done.
#  File does not exist.
#  File has not been updated.
#  commands to execute (from `Makefile', line 35):
	rm -f $(CLEAN_FILES)
	

pad:
#  Phony target (prerequisite of .PHONY).
#  Implicit rule search has not been done.
#  File does not exist.
#  File has not been updated.
#  commands to execute (from `Makefile', line 39):
	$(PYTHON) Scripts/padrom.py $(ROM_BIN)
	

install: pad
#  Phony target (prerequisite of .PHONY).
#  Implicit rule search has not been done.
#  File does not exist.
#  File has not been updated.
#  commands to execute (from `Makefile', line 43):
	minipro -p AT28C256 -w $(ROM_BIN)
	

# files hash-table stats:
# Load=8/1024=1%, Rehash=0, Collisions=0/30=0%
# VPATH Search Paths

# No `vpath' search paths.

# No general (`VPATH' variable) search path.

# # of strings in strcache: 1
# # of strcache buffers: 1
# strcache size: total = 4096 / max = 4096 / min = 4096 / avg = 4096
# strcache free: total = 4087 / max = 4087 / min = 4087 / avg = 4087

# Finished Make data base on Fri Aug 26 09:36:31 2022

 
